C:\Users\Anuitex\Documents\GitHub\BookStore\BookStore.Presentation\Client\dist\out-tsc\polyfills.js
C:\Users\Anuitex\Documents\GitHub\BookStore\BookStore.Presentation\Client\dist\out-tsc\polyfills.js.map
C:\Users\Anuitex\Documents\GitHub\BookStore\BookStore.Presentation\Client\dist\out-tsc\app\app.component.js
C:\Users\Anuitex\Documents\GitHub\BookStore\BookStore.Presentation\Client\dist\out-tsc\app\app.component.js.map
C:\Users\Anuitex\Documents\GitHub\BookStore\BookStore.Presentation\Client\dist\out-tsc\app\home\home.component.js
C:\Users\Anuitex\Documents\GitHub\BookStore\BookStore.Presentation\Client\dist\out-tsc\app\home\home.component.js.map
C:\Users\Anuitex\Documents\GitHub\BookStore\BookStore.Presentation\Client\dist\out-tsc\app\home\index.js
C:\Users\Anuitex\Documents\GitHub\BookStore\BookStore.Presentation\Client\dist\out-tsc\app\home\index.js.map
C:\Users\Anuitex\Documents\GitHub\BookStore\BookStore.Presentation\Client\dist\out-tsc\app\models\AuthorModel.js
C:\Users\Anuitex\Documents\GitHub\BookStore\BookStore.Presentation\Client\dist\out-tsc\app\models\AuthorModel.js.map
C:\Users\Anuitex\Documents\GitHub\BookStore\BookStore.Presentation\Client\dist\out-tsc\app\models\PrintingEditionModel.js
C:\Users\Anuitex\Documents\GitHub\BookStore\BookStore.Presentation\Client\dist\out-tsc\app\models\PrintingEditionModel.js.map
C:\Users\Anuitex\Documents\GitHub\BookStore\BookStore.Presentation\Client\dist\out-tsc\app\models\UserModel.js
C:\Users\Anuitex\Documents\GitHub\BookStore\BookStore.Presentation\Client\dist\out-tsc\app\models\UserModel.js.map
C:\Users\Anuitex\Documents\GitHub\BookStore\BookStore.Presentation\Client\dist\out-tsc\app\models\TokenResponseModel.js
C:\Users\Anuitex\Documents\GitHub\BookStore\BookStore.Presentation\Client\dist\out-tsc\app\models\TokenResponseModel.js.map
C:\Users\Anuitex\Documents\GitHub\BookStore\BookStore.Presentation\Client\dist\out-tsc\app\models\TestMassage.js
C:\Users\Anuitex\Documents\GitHub\BookStore\BookStore.Presentation\Client\dist\out-tsc\app\models\TestMassage.js.map
C:\Users\Anuitex\Documents\GitHub\BookStore\BookStore.Presentation\Client\dist\out-tsc\app\models\RefreshTokenModel.js
C:\Users\Anuitex\Documents\GitHub\BookStore\BookStore.Presentation\Client\dist\out-tsc\app\models\RefreshTokenModel.js.map
C:\Users\Anuitex\Documents\GitHub\BookStore\BookStore.Presentation\Client\dist\out-tsc\app\models\index.js
C:\Users\Anuitex\Documents\GitHub\BookStore\BookStore.Presentation\Client\dist\out-tsc\app\models\index.js.map
C:\Users\Anuitex\Documents\GitHub\BookStore\BookStore.Presentation\Client\dist\out-tsc\app\service\authentication.service.js
C:\Users\Anuitex\Documents\GitHub\BookStore\BookStore.Presentation\Client\dist\out-tsc\app\service\authentication.service.js.map
C:\Users\Anuitex\Documents\GitHub\BookStore\BookStore.Presentation\Client\dist\out-tsc\app\service\printing-edition.service.js
C:\Users\Anuitex\Documents\GitHub\BookStore\BookStore.Presentation\Client\dist\out-tsc\app\service\printing-edition.service.js.map
C:\Users\Anuitex\Documents\GitHub\BookStore\BookStore.Presentation\Client\dist\out-tsc\app\service\registration.service.js
C:\Users\Anuitex\Documents\GitHub\BookStore\BookStore.Presentation\Client\dist\out-tsc\app\service\registration.service.js.map
C:\Users\Anuitex\Documents\GitHub\BookStore\BookStore.Presentation\Client\dist\out-tsc\app\service\index.js
C:\Users\Anuitex\Documents\GitHub\BookStore\BookStore.Presentation\Client\dist\out-tsc\app\service\index.js.map
C:\Users\Anuitex\Documents\GitHub\BookStore\BookStore.Presentation\Client\dist\out-tsc\app\login\login.component.js
C:\Users\Anuitex\Documents\GitHub\BookStore\BookStore.Presentation\Client\dist\out-tsc\app\login\login.component.js.map
C:\Users\Anuitex\Documents\GitHub\BookStore\BookStore.Presentation\Client\dist\out-tsc\app\login\index.js
C:\Users\Anuitex\Documents\GitHub\BookStore\BookStore.Presentation\Client\dist\out-tsc\app\login\index.js.map
C:\Users\Anuitex\Documents\GitHub\BookStore\BookStore.Presentation\Client\dist\out-tsc\app\register\register.component.js
C:\Users\Anuitex\Documents\GitHub\BookStore\BookStore.Presentation\Client\dist\out-tsc\app\register\register.component.js.map
C:\Users\Anuitex\Documents\GitHub\BookStore\BookStore.Presentation\Client\dist\out-tsc\app\register\index.js
C:\Users\Anuitex\Documents\GitHub\BookStore\BookStore.Presentation\Client\dist\out-tsc\app\register\index.js.map
C:\Users\Anuitex\Documents\GitHub\BookStore\BookStore.Presentation\Client\dist\out-tsc\app\printing-edition\printing-edition.component.js
C:\Users\Anuitex\Documents\GitHub\BookStore\BookStore.Presentation\Client\dist\out-tsc\app\printing-edition\printing-edition.component.js.map
C:\Users\Anuitex\Documents\GitHub\BookStore\BookStore.Presentation\Client\dist\out-tsc\app\printing-edition\index.js
C:\Users\Anuitex\Documents\GitHub\BookStore\BookStore.Presentation\Client\dist\out-tsc\app\printing-edition\index.js.map
C:\Users\Anuitex\Documents\GitHub\BookStore\BookStore.Presentation\Client\dist\out-tsc\app\Test\AuthTest.js
C:\Users\Anuitex\Documents\GitHub\BookStore\BookStore.Presentation\Client\dist\out-tsc\app\Test\AuthTest.js.map
C:\Users\Anuitex\Documents\GitHub\BookStore\BookStore.Presentation\Client\dist\out-tsc\app\Test\index.js
C:\Users\Anuitex\Documents\GitHub\BookStore\BookStore.Presentation\Client\dist\out-tsc\app\Test\index.js.map
C:\Users\Anuitex\Documents\GitHub\BookStore\BookStore.Presentation\Client\dist\out-tsc\app\app.routing.js
C:\Users\Anuitex\Documents\GitHub\BookStore\BookStore.Presentation\Client\dist\out-tsc\app\app.routing.js.map
C:\Users\Anuitex\Documents\GitHub\BookStore\BookStore.Presentation\Client\dist\out-tsc\app\app.module.js
C:\Users\Anuitex\Documents\GitHub\BookStore\BookStore.Presentation\Client\dist\out-tsc\app\app.module.js.map
C:\Users\Anuitex\Documents\GitHub\BookStore\BookStore.Presentation\Client\dist\out-tsc\environments\environment.js
C:\Users\Anuitex\Documents\GitHub\BookStore\BookStore.Presentation\Client\dist\out-tsc\environments\environment.js.map
C:\Users\Anuitex\Documents\GitHub\BookStore\BookStore.Presentation\Client\dist\out-tsc\main.js
C:\Users\Anuitex\Documents\GitHub\BookStore\BookStore.Presentation\Client\dist\out-tsc\main.js.map
C:\Users\Anuitex\Documents\GitHub\BookStore\BookStore.Presentation\Client\dist\out-tsc\test.js
C:\Users\Anuitex\Documents\GitHub\BookStore\BookStore.Presentation\Client\dist\out-tsc\test.js.map
C:\Users\Anuitex\Documents\GitHub\BookStore\BookStore.Presentation\Client\dist\out-tsc\app\email-confirmation\email-confirmation.js
C:\Users\Anuitex\Documents\GitHub\BookStore\BookStore.Presentation\Client\dist\out-tsc\app\email-confirmation\email-confirmation.js.map
C:\Users\Anuitex\Documents\GitHub\BookStore\BookStore.Presentation\Client\dist\out-tsc\app\models\CurrentUserModel.js
C:\Users\Anuitex\Documents\GitHub\BookStore\BookStore.Presentation\Client\dist\out-tsc\app\models\CurrentUserModel.js.map
C:\Users\Anuitex\Documents\GitHub\BookStore\BookStore.Presentation\Client\dist\out-tsc\environments\environment.prod.js
C:\Users\Anuitex\Documents\GitHub\BookStore\BookStore.Presentation\Client\dist\out-tsc\environments\environment.prod.js.map
